{
  "stats": {
    "suites": 2,
    "tests": 6,
    "passes": 6,
    "pending": 0,
    "failures": 0,
    "start": "2024-05-08T19:03:44.635Z",
    "end": "2024-05-08T19:03:47.662Z",
    "duration": 3027,
    "testsRegistered": 6,
    "passPercent": 100,
    "pendingPercent": 0,
    "other": 0,
    "hasOther": false,
    "skipped": 0,
    "hasSkipped": false
  },
  "results": [
    {
      "uuid": "e61008a3-8142-44e9-bd6b-3739318a31b4",
      "title": "",
      "fullFile": "tests/cypress/e2e/todo.cy.ts",
      "file": "tests/cypress/e2e/todo.cy.ts",
      "beforeHooks": [],
      "afterHooks": [],
      "tests": [],
      "suites": [
        {
          "uuid": "dcd18d2f-dd53-4b9b-ae6d-6deb4ac709cf",
          "title": "example to-do app",
          "fullFile": "",
          "file": "",
          "beforeHooks": [],
          "afterHooks": [],
          "tests": [
            {
              "title": "displays two todo items by default",
              "fullTitle": "example to-do app displays two todo items by default",
              "timedOut": null,
              "duration": 366,
              "state": "passed",
              "speed": "fast",
              "pass": true,
              "fail": false,
              "pending": false,
              "context": "{\n  \"title\": \"cypress-mochawesome-reporter-videos-passed\",\n  \"value\": \"tests/cypress/e2e/todo.cy.ts\"\n}",
              "code": "cy.get('.todo-list li').should('have.length', 2);\ncy.get('.todo-list li').first().should('have.text', 'Pay electric bill');\ncy.get('.todo-list li').last().should('have.text', 'Walk the dog');",
              "err": {},
              "uuid": "42ef5490-674a-496b-87f1-f789edb52595",
              "parentUUID": "dcd18d2f-dd53-4b9b-ae6d-6deb4ac709cf",
              "isHook": false,
              "skipped": false
            },
            {
              "title": "can add new todo items",
              "fullTitle": "example to-do app can add new todo items",
              "timedOut": null,
              "duration": 633,
              "state": "passed",
              "speed": "fast",
              "pass": true,
              "fail": false,
              "pending": false,
              "context": "[\n  {\n    \"title\": \"cypress-mochawesome-reporter-videos-passed\",\n    \"value\": \"tests/cypress/e2e/todo.cy.ts\"\n  },\n  {\n    \"title\": \"cypress-mochawesome-reporter-screenshots\",\n    \"value\": [\n      [\n        \"/todo.cy.ts/new-todo.png\"\n      ]\n    ]\n  }\n]",
              "code": "var newItem = process.env.newItem || 'Feed the cat';\ncy.get('[data-test=new-todo]').type(\"\".concat(newItem, \"{enter}\"));\ncy.screenshot('new-todo');\ncy.get('.todo-list li')\n    .should('have.length', 3)\n    .last()\n    .should('have.text', newItem);",
              "err": {},
              "uuid": "0087998e-a020-4b08-8177-22d543808952",
              "parentUUID": "dcd18d2f-dd53-4b9b-ae6d-6deb4ac709cf",
              "isHook": false,
              "skipped": false
            },
            {
              "title": "can check off an item as completed",
              "fullTitle": "example to-do app can check off an item as completed",
              "timedOut": null,
              "duration": 165,
              "state": "passed",
              "speed": "fast",
              "pass": true,
              "fail": false,
              "pending": false,
              "context": "{\n  \"title\": \"cypress-mochawesome-reporter-videos-passed\",\n  \"value\": \"tests/cypress/e2e/todo.cy.ts\"\n}",
              "code": "cy.contains('Pay electric bill')\n    .parent()\n    .find('input[type=checkbox]')\n    .check();\ncy.contains('Pay electric bill')\n    .parents('li')\n    .should('have.class', 'completed');",
              "err": {},
              "uuid": "be732e9c-4e16-431f-8c47-7980fd01cac4",
              "parentUUID": "dcd18d2f-dd53-4b9b-ae6d-6deb4ac709cf",
              "isHook": false,
              "skipped": false
            }
          ],
          "suites": [
            {
              "uuid": "00f4113f-a1ed-4a5e-8056-68dc4338eca7",
              "title": "with a checked task",
              "fullFile": "",
              "file": "",
              "beforeHooks": [],
              "afterHooks": [],
              "tests": [
                {
                  "title": "can filter for uncompleted tasks",
                  "fullTitle": "example to-do app with a checked task can filter for uncompleted tasks",
                  "timedOut": null,
                  "duration": 231,
                  "state": "passed",
                  "speed": "fast",
                  "pass": true,
                  "fail": false,
                  "pending": false,
                  "context": "{\n  \"title\": \"cypress-mochawesome-reporter-videos-passed\",\n  \"value\": \"tests/cypress/e2e/todo.cy.ts\"\n}",
                  "code": "// We'll click on the \"active\" button in order to\n// display only incomplete items\ncy.contains('Active').click();\n// After filtering, we can assert that there is only the one\n// incomplete item in the list.\ncy.get('.todo-list li')\n    .should('have.length', 1)\n    .first()\n    .should('have.text', 'Walk the dog');\n// For good measure, let's also assert that the task we checked off\n// does not exist on the page.\ncy.contains('Pay electric bill').should('not.exist');",
                  "err": {},
                  "uuid": "a488de4f-798b-430a-acd2-920631b188e6",
                  "parentUUID": "00f4113f-a1ed-4a5e-8056-68dc4338eca7",
                  "isHook": false,
                  "skipped": false
                },
                {
                  "title": "can filter for completed tasks",
                  "fullTitle": "example to-do app with a checked task can filter for completed tasks",
                  "timedOut": null,
                  "duration": 231,
                  "state": "passed",
                  "speed": "fast",
                  "pass": true,
                  "fail": false,
                  "pending": false,
                  "context": "{\n  \"title\": \"cypress-mochawesome-reporter-videos-passed\",\n  \"value\": \"tests/cypress/e2e/todo.cy.ts\"\n}",
                  "code": "// We can perform similar steps as the test above to ensure\n// that only completed tasks are shown\ncy.contains('Completed').click();\ncy.get('.todo-list li')\n    .should('have.length', 1)\n    .first()\n    .should('have.text', 'Pay electric bill');\ncy.contains('Walk the dog').should('not.exist');",
                  "err": {},
                  "uuid": "6b952656-1eb3-4af6-b206-1aa55868c534",
                  "parentUUID": "00f4113f-a1ed-4a5e-8056-68dc4338eca7",
                  "isHook": false,
                  "skipped": false
                },
                {
                  "title": "can delete all completed tasks",
                  "fullTitle": "example to-do app with a checked task can delete all completed tasks",
                  "timedOut": null,
                  "duration": 240,
                  "state": "passed",
                  "speed": "fast",
                  "pass": true,
                  "fail": false,
                  "pending": false,
                  "context": "{\n  \"title\": \"cypress-mochawesome-reporter-videos-passed\",\n  \"value\": \"tests/cypress/e2e/todo.cy.ts\"\n}",
                  "code": "// First, let's click the \"Clear completed\" button\n// `contains` is actually serving two purposes here.\n// First, it's ensuring that the button exists within the dom.\n// This button only appears when at least one task is checked\n// so this command is implicitly verifying that it does exist.\n// Second, it selects the button so we can click it.\ncy.contains('Clear completed').click();\n// Then we can make sure that there is only one element\n// in the list and our element does not exist\ncy.get('.todo-list li')\n    .should('have.length', 1)\n    .should('not.have.text', 'Pay electric bill');\n// Finally, make sure that the clear button no longer exists.\ncy.contains('Clear completed').should('not.exist');",
                  "err": {},
                  "uuid": "9e63579e-5c97-4803-b282-ed6951b5a961",
                  "parentUUID": "00f4113f-a1ed-4a5e-8056-68dc4338eca7",
                  "isHook": false,
                  "skipped": false
                }
              ],
              "suites": [],
              "passes": [
                "a488de4f-798b-430a-acd2-920631b188e6",
                "6b952656-1eb3-4af6-b206-1aa55868c534",
                "9e63579e-5c97-4803-b282-ed6951b5a961"
              ],
              "failures": [],
              "pending": [],
              "skipped": [],
              "duration": 702,
              "root": false,
              "rootEmpty": false,
              "_timeout": 2000
            }
          ],
          "passes": [
            "42ef5490-674a-496b-87f1-f789edb52595",
            "0087998e-a020-4b08-8177-22d543808952",
            "be732e9c-4e16-431f-8c47-7980fd01cac4"
          ],
          "failures": [],
          "pending": [],
          "skipped": [],
          "duration": 1164,
          "root": false,
          "rootEmpty": false,
          "_timeout": 2000
        }
      ],
      "passes": [],
      "failures": [],
      "pending": [],
      "skipped": [],
      "duration": 0,
      "root": true,
      "rootEmpty": true,
      "_timeout": 2000
    }
  ],
  "meta": {
    "mocha": {
      "version": "7.0.1"
    },
    "mochawesome": {
      "options": {
        "quiet": false,
        "reportFilename": "mochawesome",
        "saveHtml": true,
        "saveJson": true,
        "consoleReporter": "spec",
        "useInlineDiffs": false,
        "code": true
      },
      "version": "7.1.3"
    },
    "marge": {
      "options": {
        "reportDir": "./static/runs/cypress/02e0cb27-4531-4c6f-897a-fbd1f2f32bf2/",
        "overwrite": false,
        "html": true,
        "json": true,
        "inlineAssets": true
      },
      "version": "6.2.0"
    }
  }
}